make all --print-data-base --no-builtin-variables --no-builtin-rules --question
make: *** No rule to make target 'all'.  Stop.

# GNU Make 4.2.1
# Built for x86_64-pc-linux-gnu
# Copyright (C) 1988-2016 Free Software Foundation, Inc.
# License GPLv3+: GNU GPL version 3 or later <http://gnu.org/licenses/gpl.html>
# This is free software: you are free to change and redistribute it.
# There is NO WARRANTY, to the extent permitted by law.

# Make data base, printed on Sat May 14 20:09:00 2022

# Variables

# automatic
<D = $(patsubst %/,%,$(dir $<))
# automatic
?F = $(notdir $?)
# environment
PAPERSIZE = a4
# environment
DESKTOP_SESSION = i3
# default
.SHELLFLAGS := -c
# environment
XDG_SESSION_CLASS = user
# environment
XDG_SESSION_TYPE = x11
# environment
VSCODE_LOG_NATIVE = false
# automatic
?D = $(patsubst %/,%,$(dir $?))
# automatic
@D = $(patsubst %/,%,$(dir $@))
# environment
XAUTHORITY = /home/tarek/.Xauthority
# environment
GDMSESSION = i3
# default
MAKE_VERSION := 4.2.1
# makefile
CURDIR := /mnt/FC8006E78006A7EA/Users/tarek/Desktop/College/Year3/SecondTerm/CG/project/GameX
# makefile
SHELL = /bin/sh
# environment
GDM_LANG = en_US
# environment
SCRIPT_DIR = /usr/share/i3blocks
# environment
VSCODE_NLS_CONFIG = {"locale":"en-us","availableLanguages":{},"_languagePackSupport":true}
# environment
_ = /usr/share/code/code
# environment
XDG_CONFIG_DIRS = /etc/xdg/xdg-i3:/etc/xdg
# makefile
MAKEFILE_LIST := 
# automatic
@F = $(notdir $@)
# 'override' directive
GNUMAKEFLAGS := 
# environment
ADT = /mnt/AAE4829AE4826901/MasterMicro/ADT-v2/ADT_v2
# environment
XDG_DATA_DIRS = /usr/share/i3:/usr/local/share:/usr/share:/var/lib/snapd/desktop
# environment
DBUS_SESSION_BUS_ADDRESS = unix:path=/run/user/1000/bus
# environment
VSCODE_VERBOSE_LOGGING = true
# environment
LESSOPEN = | /usr/bin/lesspipe %s
# environment
LC_NAME = en_GB.UTF-8
# environment
VSCODE_CWD = /home/tarek
# environment
XDG_SESSION_PATH = /org/freedesktop/DisplayManager/Session0
# default
MAKE_HOST := x86_64-pc-linux-gnu
# environment
PATH = /home/tarek/.local/bin:/home/tarek/.cargo/bin:/home/tarek/.local/bin:/usr/local/sbin:/usr/local/bin:/usr/sbin:/usr/bin:/sbin:/bin:/usr/games:/usr/local/games:/snap/bin:/mnt/AAE4829AE4826901/LinuxPrograms/qt/5.15.2/gcc_64/bin/:/mnt/AAE4829AE4826901/LinuxPrograms/qt/Tools/QtCreator/bin:/home/tarek/LinuxPrograms.symlink/Jetbrains/apps/IDEA-U/ch-0/213.6777.52/bin/:/home/tarek/HDD.symlink/LinuxPrograms/flutter/bin:/home/tarek/HDD.symlink/LinuxPrograms/Android/sdk/cmdline-tools/latest/bin:/home/tarek/LinuxPrograms.symlink/modelsim_ase/bin:/mnt/AAE4829AE4826901/LinuxPrograms/qt/5.15.2/gcc_64/bin/:/mnt/AAE4829AE4826901/LinuxPrograms/qt/Tools/QtCreator/bin:/home/tarek/LinuxPrograms.symlink/Jetbrains/apps/IDEA-U/ch-0/221.5080.210/bin:/home/tarek/LinuxPrograms.symlink/Jetbrains/apps/PyCharm-P/ch-0/213.6777.50/bin:/home/tarek/LinuxPrograms.symlink/flutter/bin/cache/dart-sdk/bin:/home/tarek/.pub-cache/bin:/home/tarek/.jdks/corretto-16.0.2/bin:/usr/local/cuda-11.6/bin:/mnt/AAE4829AE4826901/LinuxPrograms/qt/5.15.2/gcc_64/bin/:/mnt/AAE4829AE4826901/LinuxPrograms/qt/Tools/QtCreator/bin:/home/tarek/LinuxPrograms.symlink/Jetbrains/apps/IDEA-U/ch-0/213.6777.52/bin/
# environment
GPG_AGENT_INFO = /run/user/1000/gnupg/S.gpg-agent:0:1
# environment
XDG_RUNTIME_DIR = /run/user/1000
# environment
VSCODE_LOG_STACK = false
# environment
ELECTRON_RUN_AS_NODE = 1
# default
.FEATURES := target-specific order-only second-expansion else-if shortest-stem undefine oneshell archives jobserver output-sync check-symlink load
# environment
XDG_GREETER_DATA_DIR = /var/lib/lightdm-data/tarek
# environment
LS_COLORS = 
# environment
XDG_SESSION_DESKTOP = i3
# environment
SSH_AUTH_SOCK = /tmp/ssh-Qjw9CvXmNMFq/agent.2111
# automatic
%F = $(notdir $%)
# environment
DISPLAY = :0
# environment
VSCODE_PIPE_LOGGING = true
# environment
PWD = /mnt/FC8006E78006A7EA/Users/tarek/Desktop/College/Year3/SecondTerm/CG/project/GameX
# default
.LOADED := 
# environment
XDG_SEAT = seat0
# environment
SSH_AGENT_PID = 2204
# environment
ORIGINAL_XDG_CURRENT_DESKTOP = i3
# environment
GTK_MODULES = gail:atk-bridge
# environment
VSCODE_AMD_ENTRYPOINT = vs/workbench/api/node/extensionHostProcess
# environment
HOME = /home/tarek
# environment
LESSCLOSE = /usr/bin/lesspipe %s %s
# environment
VSCODE_CODE_CACHE_PATH = /home/tarek/.config/Code/CachedData/57fd6d0195bb9b9d1b49f6da5db789060795de47
# environment
LOGNAME = tarek
# environment
APPLICATION_INSIGHTS_NO_DIAGNOSTIC_CHANNEL = 1
# automatic
+F = $(notdir $+)
# environment
VSCODE_HANDLES_UNCAUGHT_ERRORS = true
# automatic
^D = $(patsubst %/,%,$(dir $^))
# environment
XDG_VTNR = 7
# environment
LC_TIME = en_GB.UTF-8
# default
MAKE = $(MAKE_COMMAND)
# default
MAKECMDGOALS := all
# environment
SHLVL = 0
# environment
JAVA_HOME = /home/tarek/.jdks/corretto-16.0.2
# environment
VSCODE_IPC_HOOK_EXTHOST = /run/user/1000/vscode-ipc-a0681ee9-cd8c-46f5-894e-4bf4e4032f4d.sock
# environment
XDG_SESSION_ID = c2
# environment
USER = tarek
# environment
LC_MONETARY = en_GB.UTF-8
# makefile
.DEFAULT_GOAL := 
# environment
XDG_CURRENT_DESKTOP = i3
# automatic
%D = $(patsubst %/,%,$(dir $%))
# environment
LC_TELEPHONE = en_GB.UTF-8
# environment
I3SOCK = /run/user/1000/i3/ipc-socket.2111
# default
MAKE_COMMAND := make
# default
.VARIABLES := 
# automatic
*F = $(notdir $*)
# environment
LANGUAGE = en_US
# environment
XDG_SEAT_PATH = /org/freedesktop/DisplayManager/Seat0
# environment
VSCODE_IPC_HOOK = /run/user/1000/vscode-95de452d-1.67.0-main.sock
# makefile
MAKEFLAGS = pqrR
# environment
MFLAGS = -pqrR
# automatic
*D = $(patsubst %/,%,$(dir $*))
# automatic
+D = $(patsubst %/,%,$(dir $+))
# environment
GDK_BACKEND = x11
# environment
LC_PAPER = en_GB.UTF-8
# environment
MAKELEVEL := 0
# environment
QT_ACCESSIBILITY = 1
# default
MAKEFILES := 
# environment
LC_NUMERIC = en_GB.UTF-8
# automatic
<F = $(notdir $<)
# environment
LC_MEASUREMENT = en_GB.UTF-8
# environment
LC_ALL = C
# automatic
^F = $(notdir $^)
# default
SUFFIXES := 
# environment
CHROME_DESKTOP = code-url-handler.desktop
# default
.INCLUDE_DIRS = /usr/include /usr/local/include /usr/include
# environment
LC_IDENTIFICATION = en_GB.UTF-8
# default
.RECIPEPREFIX := 
# environment
LC_ADDRESS = en_GB.UTF-8
# environment
LANG = C
# environment
VSCODE_PID = 1209740
# variable set hash-table stats:
# Load=103/1024=10%, Rehash=0, Collisions=13/125=10%

# Pattern-specific Variable Values

# No pattern-specific variable values.

# Directories

# . (device 66307, inode 658529): 34 files, no impossibilities.

# 34 files, no impossibilities in 1 directories.

# Implicit Rules

# No implicit rules.

# Files

# Not a target:
all:
#  Command line target.
#  Implicit rule search has been done.
#  File does not exist.
#  File has not been updated.

# Not a target:
Makefile:
#  Implicit rule search has been done.
#  File does not exist.
#  File has been updated.
#  Failed to be updated.

# Not a target:
makefile:
#  Implicit rule search has been done.
#  File does not exist.
#  File has been updated.
#  Failed to be updated.

# Not a target:
.DEFAULT:
#  Implicit rule search has not been done.
#  Modification time never checked.
#  File has not been updated.

# Not a target:
GNUmakefile:
#  Implicit rule search has been done.
#  File does not exist.
#  File has been updated.
#  Failed to be updated.

# files hash-table stats:
# Load=6/1024=1%, Rehash=0, Collisions=0/15=0%
# VPATH Search Paths

# No 'vpath' search paths.

# No general ('VPATH' variable) search path.

# strcache buffers: 1 (0) / strings = 42 / storage = 443 B / avg = 10 B
# current buf: size = 8162 B / used = 443 B / count = 42 / avg = 10 B

# strcache performance: lookups = 45 / hit rate = 6%
# hash-table stats:
# Load=42/8192=1%, Rehash=0, Collisions=1/45=2%
# Finished Make data base on Sat May 14 20:09:00 2022

 
